23-04-11_01-37-32 0.13916552734731552 0.16056683806471403 0.02140131071739851
23-04-13_12-40-59 0.1700279774723002 0.1960645947697375 0.02603661729743731
23-04-13_12-41-20 0.29561672049285936 0.30467742328390457 0.009060702791045205
23-04-13_12-54-27 0.22154604037379325 0.2213277977419721 -0.00021824263182115833
23-04-13_12-55-16 0.19998988644143043 0.1967447733134939 -0.0032451131279365164
23-04-13_13-01-22 0.16105695674848022 0.15910452606749373 -0.0019524306809864944
23-04-13_13-20-21 0.15707103945749254 0.16087909019709978 0.003808050739607244
23-04-13_13-37-11 0.42896020137936697 0.43824160250513516 0.009281401125768196
23-04-13_13-30-20 0.4007923830689307 0.40172710767991504 0.0009347246109843166
23-04-13_13-28-58 0.37240995386901343 0.38454991641473835 0.012139962545724914
23-04-13_13-33-36 0.37599541581012047 0.36466035047957907 -0.011335065330541405
23-04-13_13-36-27 0.24582600437673083 0.25336400359884065 0.00753799922210982
23-04-13_13-37-18 0.37833374056284114 0.3780408125836929 -0.00029292797914826085
23-04-13_13-37-59 0.37069960773368466 0.3667019030562458 -0.003997704677438874
23-04-13_13-48-40 0.37926702714511973 0.3496374870531089 -0.029629540092010853
23-04-13_13-49-05 0.3351116358952338 0.37994598390320306 0.04483434800796926
23-04-13_13-52-11 0.38852722230331355 0.3390801772332206 0.049447045070092954
23-04-13_13-52-35 0.39455435387907006 0.4047338551332743 -0.010179501254204248
23-04-13_13-55-50 0.2837524753491141 0.23992420497610806 0.04382827037300602
23-04-13_13-56-31 0.45229058673277744 0.5603049235726374 -0.10801433683985995
23-04-13_13-59-19 0.4696571365976555 0.5537504259207671 0.08409328932311155
23-04-13_14-00-04 0.4126602803971466 0.3521949265018906 -0.06046535389525598
23-04-13_14-03-57 0.3822712418300652 0.33152136752136774 -0.050749874308697485
23-04-13_14-04-22 0.4047794117647056 0.3551411345876179 -0.049638277177087686
23-04-13_14-05-52 0.36609531229710435 0.3447735271264683 -0.021321785170636043
23-04-13_14-09-27 0.587837810150183 0.3665698378116678 -0.2212679723385152
23-04-13_14-17-09 0.3273352286567603 0.317610163497771 -0.009725065158989299
23-04-13_14-18-34 0.3120811304013714 0.3053398992230132 -0.006741231178358231
23-04-13_14-20-29 0.2941233460438946 0.29581283032415456 0.0016894842802599452
23-04-13_14-20-57 0.29309670738391597 0.2927915101084136 -0.00030519727550237796
23-04-13_14-22-00 0.32391362784080335 0.2978156126897839 -0.02609801515101945
23-04-13_14-26-24 0.322698533819841 0.29373613049727226 -0.02896240332256872
23-04-13_14-28-10 0.3651099216718636 0.32549815871509974 -0.039611762956763885
23-04-13_14-29-40 0.29659791978448913 0.2651922680607349 -0.0314056517237542
23-04-13_14-32-56 0.1532977647781012 0.14793144704347522 -0.0053663177346259805
23-04-13_14-34-30 0.22589725473330483 0.20696850242636558 -0.018928752306939245
23-04-13_14-39-00 0.2407647409308679 0.19185398441223697 -0.048910756518630916
23-04-13_14-46-26 0.24539867367237916 0.1900440414460605 -0.05535463222631867
